<?xml version="1.0" encoding="UTF-8"?>
<TestRun id="9cdca573-d380-4274-b009-56aabad977c5" name="qzavyer@SAHALIN 2015-02-22 14:53:00" runUser="sahalin\qzavyer" xmlns="http://microsoft.com/schemas/VisualStudio/TeamTest/2010">
  <TestSettings name="Локальные" id="74841a33-77c8-41e6-acd7-6afa2e4fcb45">
    <Description>Это - параметры по умолчанию для локального тестового запуска.</Description>
    <Deployment enabled="false" runDeploymentRoot="qzavyer_SAHALIN 2015-02-22 14_53_00">
      <DeploymentItem filename="C:\Users\qzavyer\Documents\Visual Studio 2010\Projects\ETopo\ETopo\bin\Debug\ETopo.exe" />
    </Deployment>
    <Execution>
      <TestTypeSpecific />
      <AgentRule name="Execution Agents">
      </AgentRule>
    </Execution>
  </TestSettings>
  <Times creation="2015-02-22T14:53:00.4778000+05:00" queuing="2015-02-22T14:53:02.8358000+05:00" start="2015-02-22T14:53:02.9568000+05:00" finish="2015-02-22T14:53:03.5298000+05:00" />
  <ResultSummary outcome="Failed">
    <Counters total="1" executed="1" error="0" failed="1" timeout="0" aborted="0" inconclusive="0" passedButRunAborted="0" notRunnable="0" notExecuted="0" disconnected="0" warning="0" passed="0" completed="0" inProgress="0" pending="0" />
  </ResultSummary>
  <TestDefinitions>
    <UnitTest name="TestGetRingOffset" storage="c:\users\qzavyer\documents\visual studio 2010\projects\etopo\etopotest\bin\debug\etopotest.dll" id="7e6aa152-096e-5a55-7472-0a071b6ed3d2">
      <Execution id="0d735f57-8208-4dad-a8b7-efc8ae5d5867" />
      <TestMethod codeBase="C:/Users/qzavyer/Documents/Visual Studio 2010/Projects/ETopo/ETopoTest/bin/Debug/ETopoTest.DLL" adapterTypeName="Microsoft.VisualStudio.TestTools.TestTypes.Unit.UnitTestAdapter, Microsoft.VisualStudio.QualityTools.Tips.UnitTest.Adapter, Version=10.0.0.0, Culture=neutral, PublicKeyToken=b03f5f7f11d50a3a" className="ETopoTest.TopoListTest, ETopoTest, Version=1.0.0.0, Culture=neutral, PublicKeyToken=null" name="TestGetRingOffset" />
    </UnitTest>
  </TestDefinitions>
  <TestLists>
    <TestList name="Отсутствующие в списке результаты" id="8c84fa94-04c1-424b-9868-57a2d4851a1d" />
    <TestList name="Все загруженные результаты" id="19431567-8539-422a-85d7-44ee4e166bda" />
  </TestLists>
  <TestEntries>
    <TestEntry testId="7e6aa152-096e-5a55-7472-0a071b6ed3d2" executionId="0d735f57-8208-4dad-a8b7-efc8ae5d5867" testListId="8c84fa94-04c1-424b-9868-57a2d4851a1d" />
  </TestEntries>
  <Results>
    <UnitTestResult executionId="0d735f57-8208-4dad-a8b7-efc8ae5d5867" testId="7e6aa152-096e-5a55-7472-0a071b6ed3d2" testName="TestGetRingOffset" computerName="SAHALIN" duration="00:00:00.1292500" startTime="2015-02-22T14:53:02.9728000+05:00" endTime="2015-02-22T14:53:03.4748000+05:00" testType="13cdc9d9-ddb5-4fa4-a97d-d965ccfc6d4b" outcome="Failed" testListId="8c84fa94-04c1-424b-9868-57a2d4851a1d" relativeResultsDirectory="0d735f57-8208-4dad-a8b7-efc8ae5d5867">
      <Output>
        <ErrorInfo>
          <Message>Ошибка в Assert.AreEqual. Ожидается: &lt;ETopo.Vector (ETopo.Vector)&gt;. Фактически: &lt;0 (System.Int32)&gt;. </Message>
          <StackTrace>   в ETopoTest.TopoListTest.TestGetRingOffset() в C:\Users\qzavyer\Documents\Visual Studio 2010\Projects\ETopo\ETopoTest\UnitTest1.cs:строка 198
</StackTrace>
        </ErrorInfo>
      </Output>
    </UnitTestResult>
  </Results>
</TestRun>