<?xml version="1.0" encoding="UTF-8"?>
<TestRun id="23ea6bce-3559-4eef-bf9b-0cfa62daeae2" name="qzavyer@SAHALIN 2015-02-17 23:29:19" runUser="sahalin\qzavyer" xmlns="http://microsoft.com/schemas/VisualStudio/TeamTest/2010">
  <TestSettings name="Локальные" id="74841a33-77c8-41e6-acd7-6afa2e4fcb45">
    <Description>Это - параметры по умолчанию для локального тестового запуска.</Description>
    <Deployment enabled="false" runDeploymentRoot="qzavyer_SAHALIN 2015-02-17 23_29_19">
      <DeploymentItem filename="C:\Users\qzavyer\Documents\Visual Studio 2010\Projects\ETopo\ETopo\bin\Debug\ETopo.exe" />
    </Deployment>
    <Execution>
      <TestTypeSpecific />
      <AgentRule name="Execution Agents">
      </AgentRule>
    </Execution>
  </TestSettings>
  <Times creation="2015-02-17T23:29:19.1548000+05:00" queuing="2015-02-17T23:29:19.9458000+05:00" start="2015-02-17T23:29:19.9788000+05:00" finish="2015-02-17T23:29:20.3888000+05:00" />
  <ResultSummary outcome="Failed">
    <Counters total="1" executed="1" error="0" failed="1" timeout="0" aborted="0" inconclusive="0" passedButRunAborted="0" notRunnable="0" notExecuted="0" disconnected="0" warning="0" passed="0" completed="0" inProgress="0" pending="0" />
  </ResultSummary>
  <TestDefinitions>
    <UnitTest name="TestGetString" storage="c:\users\qzavyer\documents\visual studio 2010\projects\etopo\etopotest\bin\debug\etopotest.dll" id="516cddbe-c200-4d9f-2c5b-95dffb663e56">
      <Execution id="c9bcbb0c-b049-466f-a827-fbcd5a3e4a4f" />
      <TestMethod codeBase="C:/Users/qzavyer/Documents/Visual Studio 2010/Projects/ETopo/ETopoTest/bin/Debug/ETopoTest.DLL" adapterTypeName="Microsoft.VisualStudio.TestTools.TestTypes.Unit.UnitTestAdapter, Microsoft.VisualStudio.QualityTools.Tips.UnitTest.Adapter, Version=10.0.0.0, Culture=neutral, PublicKeyToken=b03f5f7f11d50a3a" className="ETopoTest.TopoListTest, ETopoTest, Version=1.0.0.0, Culture=neutral, PublicKeyToken=null" name="TestGetString" />
    </UnitTest>
  </TestDefinitions>
  <TestLists>
    <TestList name="Отсутствующие в списке результаты" id="8c84fa94-04c1-424b-9868-57a2d4851a1d" />
    <TestList name="Все загруженные результаты" id="19431567-8539-422a-85d7-44ee4e166bda" />
  </TestLists>
  <TestEntries>
    <TestEntry testId="516cddbe-c200-4d9f-2c5b-95dffb663e56" executionId="c9bcbb0c-b049-466f-a827-fbcd5a3e4a4f" testListId="8c84fa94-04c1-424b-9868-57a2d4851a1d" />
  </TestEntries>
  <Results>
    <UnitTestResult executionId="c9bcbb0c-b049-466f-a827-fbcd5a3e4a4f" testId="516cddbe-c200-4d9f-2c5b-95dffb663e56" testName="TestGetString" computerName="SAHALIN" duration="00:00:00.1260776" startTime="2015-02-17T23:29:19.9918000+05:00" endTime="2015-02-17T23:29:20.3338000+05:00" testType="13cdc9d9-ddb5-4fa4-a97d-d965ccfc6d4b" outcome="Failed" testListId="8c84fa94-04c1-424b-9868-57a2d4851a1d" relativeResultsDirectory="c9bcbb0c-b049-466f-a827-fbcd5a3e4a4f">
      <Output>
        <ErrorInfo>
          <Message>Ошибка в Assert.AreEqual. Ожидается: &lt;18&gt;. Фактически: &lt;19&gt;. </Message>
          <StackTrace>   в ETopoTest.TopoListTest.TestGetString() в C:\Users\qzavyer\Documents\Visual Studio 2010\Projects\ETopo\ETopoTest\UnitTest1.cs:строка 136
</StackTrace>
        </ErrorInfo>
      </Output>
    </UnitTestResult>
  </Results>
</TestRun>